{"total": {"lines":{"total":1962,"covered":826,"skipped":0,"pct":42.09},"statements":{"total":2302,"covered":913,"skipped":0,"pct":39.66},"functions":{"total":516,"covered":194,"skipped":0,"pct":37.59},"branches":{"total":1185,"covered":371,"skipped":0,"pct":31.3},"branchesTrue":{"total":0,"covered":0,"skipped":0,"pct":100}}
,"/home/runner/work/cursus/cursus/server/db/connection.js": {"lines":{"total":17,"covered":3,"skipped":0,"pct":17.64},"functions":{"total":3,"covered":0,"skipped":0,"pct":0},"statements":{"total":19,"covered":3,"skipped":0,"pct":15.78},"branches":{"total":6,"covered":0,"skipped":0,"pct":0}}
,"/home/runner/work/cursus/cursus/server/db/index.js": {"lines":{"total":19,"covered":17,"skipped":0,"pct":89.47},"functions":{"total":1,"covered":0,"skipped":0,"pct":0},"statements":{"total":19,"covered":17,"skipped":0,"pct":89.47},"branches":{"total":0,"covered":0,"skipped":0,"pct":100}}
,"/home/runner/work/cursus/cursus/server/db/schema.js": {"lines":{"total":75,"covered":73,"skipped":0,"pct":97.33},"functions":{"total":33,"covered":33,"skipped":0,"pct":100},"statements":{"total":78,"covered":75,"skipped":0,"pct":96.15},"branches":{"total":10,"covered":4,"skipped":0,"pct":40}}
,"/home/runner/work/cursus/cursus/server/db/seed.js": {"lines":{"total":84,"covered":3,"skipped":0,"pct":3.57},"functions":{"total":4,"covered":0,"skipped":0,"pct":0},"statements":{"total":87,"covered":3,"skipped":0,"pct":3.44},"branches":{"total":2,"covered":0,"skipped":0,"pct":0}}
,"/home/runner/work/cursus/cursus/server/db/models/admin.js": {"lines":{"total":144,"covered":5,"skipped":0,"pct":3.47},"functions":{"total":37,"covered":0,"skipped":0,"pct":0},"statements":{"total":192,"covered":5,"skipped":0,"pct":2.6},"branches":{"total":92,"covered":5,"skipped":0,"pct":5.43}}
,"/home/runner/work/cursus/cursus/server/db/models/assignments.js": {"lines":{"total":57,"covered":11,"skipped":0,"pct":19.29},"functions":{"total":18,"covered":5,"skipped":0,"pct":27.77},"statements":{"total":68,"covered":11,"skipped":0,"pct":16.17},"branches":{"total":48,"covered":22,"skipped":0,"pct":45.83}}
,"/home/runner/work/cursus/cursus/server/db/models/documents.js": {"lines":{"total":23,"covered":2,"skipped":0,"pct":8.69},"functions":{"total":11,"covered":0,"skipped":0,"pct":0},"statements":{"total":24,"covered":2,"skipped":0,"pct":8.33},"branches":{"total":19,"covered":0,"skipped":0,"pct":0}}
,"/home/runner/work/cursus/cursus/server/db/models/groups.js": {"lines":{"total":21,"covered":2,"skipped":0,"pct":9.52},"functions":{"total":8,"covered":0,"skipped":0,"pct":0},"statements":{"total":22,"covered":2,"skipped":0,"pct":9.09},"branches":{"total":2,"covered":0,"skipped":0,"pct":0}}
,"/home/runner/work/cursus/cursus/server/db/models/kanban.js": {"lines":{"total":21,"covered":2,"skipped":0,"pct":9.52},"functions":{"total":5,"covered":0,"skipped":0,"pct":0},"statements":{"total":28,"covered":2,"skipped":0,"pct":7.14},"branches":{"total":12,"covered":0,"skipped":0,"pct":0}}
,"/home/runner/work/cursus/cursus/server/db/models/live.js": {"lines":{"total":149,"covered":62,"skipped":0,"pct":41.61},"functions":{"total":40,"covered":12,"skipped":0,"pct":30},"statements":{"total":181,"covered":67,"skipped":0,"pct":37.01},"branches":{"total":89,"covered":40,"skipped":0,"pct":44.94}}
,"/home/runner/work/cursus/cursus/server/db/models/messages.js": {"lines":{"total":51,"covered":15,"skipped":0,"pct":29.41},"functions":{"total":16,"covered":9,"skipped":0,"pct":56.25},"statements":{"total":52,"covered":15,"skipped":0,"pct":28.84},"branches":{"total":52,"covered":14,"skipped":0,"pct":26.92}}
,"/home/runner/work/cursus/cursus/server/db/models/promotions.js": {"lines":{"total":25,"covered":16,"skipped":0,"pct":64},"functions":{"total":12,"covered":7,"skipped":0,"pct":58.33},"statements":{"total":25,"covered":16,"skipped":0,"pct":64},"branches":{"total":20,"covered":6,"skipped":0,"pct":30}}
,"/home/runner/work/cursus/cursus/server/db/models/rex.js": {"lines":{"total":131,"covered":58,"skipped":0,"pct":44.27},"functions":{"total":38,"covered":18,"skipped":0,"pct":47.36},"statements":{"total":164,"covered":70,"skipped":0,"pct":42.68},"branches":{"total":75,"covered":34,"skipped":0,"pct":45.33}}
,"/home/runner/work/cursus/cursus/server/db/models/rubrics.js": {"lines":{"total":27,"covered":2,"skipped":0,"pct":7.4},"functions":{"total":7,"covered":0,"skipped":0,"pct":0},"statements":{"total":29,"covered":2,"skipped":0,"pct":6.89},"branches":{"total":18,"covered":0,"skipped":0,"pct":0}}
,"/home/runner/work/cursus/cursus/server/db/models/students.js": {"lines":{"total":103,"covered":24,"skipped":0,"pct":23.3},"functions":{"total":25,"covered":4,"skipped":0,"pct":16},"statements":{"total":124,"covered":27,"skipped":0,"pct":21.77},"branches":{"total":85,"covered":20,"skipped":0,"pct":23.52}}
,"/home/runner/work/cursus/cursus/server/db/models/submissions.js": {"lines":{"total":21,"covered":4,"skipped":0,"pct":19.04},"functions":{"total":7,"covered":2,"skipped":0,"pct":28.57},"statements":{"total":21,"covered":4,"skipped":0,"pct":19.04},"branches":{"total":32,"covered":0,"skipped":0,"pct":0}}
,"/home/runner/work/cursus/cursus/server/db/models/teachers.js": {"lines":{"total":22,"covered":2,"skipped":0,"pct":9.09},"functions":{"total":7,"covered":0,"skipped":0,"pct":0},"statements":{"total":25,"covered":2,"skipped":0,"pct":8},"branches":{"total":12,"covered":0,"skipped":0,"pct":0}}
,"/home/runner/work/cursus/cursus/server/middleware/auth.js": {"lines":{"total":11,"covered":11,"skipped":0,"pct":100},"functions":{"total":1,"covered":1,"skipped":0,"pct":100},"statements":{"total":11,"covered":11,"skipped":0,"pct":100},"branches":{"total":4,"covered":4,"skipped":0,"pct":100}}
,"/home/runner/work/cursus/cursus/server/middleware/validate.js": {"lines":{"total":18,"covered":9,"skipped":0,"pct":50},"functions":{"total":6,"covered":2,"skipped":0,"pct":33.33},"statements":{"total":20,"covered":9,"skipped":0,"pct":45},"branches":{"total":4,"covered":1,"skipped":0,"pct":25}}
,"/home/runner/work/cursus/cursus/server/routes/auth.js": {"lines":{"total":46,"covered":38,"skipped":0,"pct":82.6},"functions":{"total":13,"covered":9,"skipped":0,"pct":69.23},"statements":{"total":52,"covered":42,"skipped":0,"pct":80.76},"branches":{"total":16,"covered":13,"skipped":0,"pct":81.25}}
,"/home/runner/work/cursus/cursus/server/routes/depots.js": {"lines":{"total":48,"covered":26,"skipped":0,"pct":54.16},"functions":{"total":4,"covered":2,"skipped":0,"pct":50},"statements":{"total":49,"covered":26,"skipped":0,"pct":53.06},"branches":{"total":22,"covered":4,"skipped":0,"pct":18.18}}
,"/home/runner/work/cursus/cursus/server/routes/live.js": {"lines":{"total":133,"covered":76,"skipped":0,"pct":57.14},"functions":{"total":20,"covered":9,"skipped":0,"pct":45},"statements":{"total":145,"covered":82,"skipped":0,"pct":56.55},"branches":{"total":82,"covered":37,"skipped":0,"pct":45.12}}
,"/home/runner/work/cursus/cursus/server/utils/joinCode.js": {"lines":{"total":5,"covered":5,"skipped":0,"pct":100},"functions":{"total":1,"covered":1,"skipped":0,"pct":100},"statements":{"total":7,"covered":7,"skipped":0,"pct":100},"branches":{"total":0,"covered":0,"skipped":0,"pct":100}}
,"/home/runner/work/cursus/cursus/server/utils/wrap.js": {"lines":{"total":6,"covered":6,"skipped":0,"pct":100},"functions":{"total":2,"covered":2,"skipped":0,"pct":100},"statements":{"total":6,"covered":6,"skipped":0,"pct":100},"branches":{"total":0,"covered":0,"skipped":0,"pct":100}}
,"/home/runner/work/cursus/cursus/src/renderer/src/constants.ts": {"lines":{"total":22,"covered":18,"skipped":0,"pct":81.81},"functions":{"total":5,"covered":1,"skipped":0,"pct":20},"statements":{"total":22,"covered":18,"skipped":0,"pct":81.81},"branches":{"total":0,"covered":0,"skipped":0,"pct":100}}
,"/home/runner/work/cursus/cursus/src/renderer/src/composables/useApi.ts": {"lines":{"total":15,"covered":7,"skipped":0,"pct":46.66},"functions":{"total":2,"covered":2,"skipped":0,"pct":100},"statements":{"total":15,"covered":7,"skipped":0,"pct":46.66},"branches":{"total":20,"covered":2,"skipped":0,"pct":10}}
,"/home/runner/work/cursus/cursus/src/renderer/src/composables/useBentoPrefs.ts": {"lines":{"total":60,"covered":38,"skipped":0,"pct":63.33},"functions":{"total":23,"covered":15,"skipped":0,"pct":65.21},"statements":{"total":75,"covered":46,"skipped":0,"pct":61.33},"branches":{"total":28,"covered":18,"skipped":0,"pct":64.28}}
,"/home/runner/work/cursus/cursus/src/renderer/src/composables/useClockTimer.ts": {"lines":{"total":13,"covered":13,"skipped":0,"pct":100},"functions":{"total":5,"covered":5,"skipped":0,"pct":100},"statements":{"total":17,"covered":17,"skipped":0,"pct":100},"branches":{"total":8,"covered":8,"skipped":0,"pct":100}}
,"/home/runner/work/cursus/cursus/src/renderer/src/stores/app.ts": {"lines":{"total":223,"covered":43,"skipped":0,"pct":19.28},"functions":{"total":59,"covered":1,"skipped":0,"pct":1.69},"statements":{"total":264,"covered":43,"skipped":0,"pct":16.28},"branches":{"total":141,"covered":1,"skipped":0,"pct":0.7}}
,"/home/runner/work/cursus/cursus/src/renderer/src/stores/messages.ts": {"lines":{"total":180,"covered":62,"skipped":0,"pct":34.44},"functions":{"total":52,"covered":16,"skipped":0,"pct":30.76},"statements":{"total":228,"covered":67,"skipped":0,"pct":29.38},"branches":{"total":161,"covered":28,"skipped":0,"pct":17.39}}
,"/home/runner/work/cursus/cursus/src/renderer/src/utils/categoryIcon.ts": {"lines":{"total":10,"covered":10,"skipped":0,"pct":100},"functions":{"total":2,"covered":2,"skipped":0,"pct":100},"statements":{"total":13,"covered":13,"skipped":0,"pct":100},"branches":{"total":6,"covered":6,"skipped":0,"pct":100}}
,"/home/runner/work/cursus/cursus/src/renderer/src/utils/date.ts": {"lines":{"total":32,"covered":27,"skipped":0,"pct":84.37},"functions":{"total":7,"covered":3,"skipped":0,"pct":42.85},"statements":{"total":44,"covered":38,"skipped":0,"pct":86.36},"branches":{"total":28,"covered":26,"skipped":0,"pct":92.85}}
,"/home/runner/work/cursus/cursus/src/renderer/src/utils/devoir.ts": {"lines":{"total":10,"covered":10,"skipped":0,"pct":100},"functions":{"total":6,"covered":6,"skipped":0,"pct":100},"statements":{"total":12,"covered":12,"skipped":0,"pct":100},"branches":{"total":12,"covered":12,"skipped":0,"pct":100}}
,"/home/runner/work/cursus/cursus/src/renderer/src/utils/devoirFilters.ts": {"lines":{"total":5,"covered":5,"skipped":0,"pct":100},"functions":{"total":5,"covered":5,"skipped":0,"pct":100},"statements":{"total":5,"covered":5,"skipped":0,"pct":100},"branches":{"total":3,"covered":3,"skipped":0,"pct":100}}
,"/home/runner/work/cursus/cursus/src/renderer/src/utils/format.ts": {"lines":{"total":20,"covered":20,"skipped":0,"pct":100},"functions":{"total":5,"covered":5,"skipped":0,"pct":100},"statements":{"total":29,"covered":28,"skipped":0,"pct":96.55},"branches":{"total":28,"covered":27,"skipped":0,"pct":96.42}}
,"/home/runner/work/cursus/cursus/src/renderer/src/utils/html.ts": {"lines":{"total":62,"covered":49,"skipped":0,"pct":79.03},"functions":{"total":19,"covered":11,"skipped":0,"pct":57.89},"statements":{"total":70,"covered":56,"skipped":0,"pct":80},"branches":{"total":30,"covered":21,"skipped":0,"pct":70}}
,"/home/runner/work/cursus/cursus/src/renderer/src/utils/projectGrouping.ts": {"lines":{"total":21,"covered":21,"skipped":0,"pct":100},"functions":{"total":2,"covered":2,"skipped":0,"pct":100},"statements":{"total":24,"covered":24,"skipped":0,"pct":100},"branches":{"total":14,"covered":14,"skipped":0,"pct":100}}
,"/home/runner/work/cursus/cursus/tests/backend/helpers/fixtures.js": {"lines":{"total":9,"covered":9,"skipped":0,"pct":100},"functions":{"total":0,"covered":0,"skipped":0,"pct":100},"statements":{"total":9,"covered":9,"skipped":0,"pct":100},"branches":{"total":0,"covered":0,"skipped":0,"pct":100}}
,"/home/runner/work/cursus/cursus/tests/backend/helpers/setup.js": {"lines":{"total":23,"covered":22,"skipped":0,"pct":95.65},"functions":{"total":5,"covered":4,"skipped":0,"pct":80},"statements":{"total":27,"covered":24,"skipped":0,"pct":88.88},"branches":{"total":4,"covered":1,"skipped":0,"pct":25}}
}
